5.3930 	WARNING 	We strongly recommend you activate the PTB sound engine in PsychoPy prefs as the preferred audio engine. Its timing is vastly superior. Your prefs are currently set to use ['sounddevice', 'PTB', 'pyo', 'pygame'] (in that order).
9.7456 	INFO 	Loaded monitor calibration from ['2022_09_29 04:26']
10.7367 	EXP 	Created window1 = Window(allowGUI=True, allowStencil=False, autoLog=True, backendConf=UNKNOWN, bitsMode=UNKNOWN, blendMode='avg', bpc=(8, 8, 8), color=array([0, 0, 0]), colorSpace='rgb', depthBits=8, fullscr=<method-wrapper '__getattribute__' of attributeSetter object at 0x000001BCE1B950A0>, gamma=None, gammaErrorPolicy='raise', lms=UNKNOWN, monitor=<psychopy.monitors.calibTools.Monitor object at 0x000001BCE21280A0>, multiSample=False, name='window1', numSamples=2, pos=(0, 0), screen=0, size=array([1920, 1080]), stencilBits=0, stereo=False, units='height', useFBO=True, useRetina=False, viewOri=0.0, viewPos=None, viewScale=None, waitBlanking=True, winType='pyglet')
10.7367 	EXP 	window1: mouseVisible = True
10.7368 	EXP 	window1: mouseVisible = False
10.7368 	EXP 	window1: Attempting to measure frame rate of screen (0) ...
10.7368 	EXP 	window1: recordFrameIntervals = False
10.9029 	EXP 	window1: recordFrameIntervals = True
11.0866 	EXP 	Screen (0) actual frame rate measured at 60.06Hz
11.0866 	EXP 	window1: recordFrameIntervals = False
13.2913 	INFO 	keyboard.Keyboard is using iohub backend.
13.3381 	EXP 	Created instrText = TextStim(__class__=<class 'psychopy.visual.text.TextStim'>, alignHoriz=method-wrapper(...), alignText='center', alignVert=method-wrapper(...), anchorHoriz='center', anchorVert='center', antialias=True, autoDraw=False, autoLog=True, bold=False, color=array([1, 1, 1]), colorSpace='rgb', contrast=1.0, depth=-1.0, flipHoriz=False, flipVert=False, font='Arial', fontFiles=[], height=0.05, italic=False, languageStyle='LTR', name='instrText', opacity=1.0, ori=0, pos=array([0., 0.]), rgb=UNKNOWN, text='', units='height', win=Window(...), wrapWidth=1)
13.3390 	EXP 	Created instrStats = TextStim(__class__=<class 'psychopy.visual.text.TextStim'>, alignHoriz=method-wrapper(...), alignText='center', alignVert=method-wrapper(...), anchorHoriz='center', anchorVert='center', antialias=True, autoDraw=False, autoLog=True, bold=False, color=array([1, 1, 1]), colorSpace='rgb', contrast=1.0, depth=-2.0, flipHoriz=False, flipVert=False, font='Arial', fontFiles=[], height=0.05, italic=False, languageStyle='LTR', name='instrStats', opacity=1.0, ori=0, pos=array([ 0. , -0.4]), rgb=UNKNOWN, text='', units='height', win=Window(...), wrapWidth=1)
13.3400 	EXP 	Created instrRepeat = TextStim(__class__=<class 'psychopy.visual.text.TextStim'>, alignHoriz=method-wrapper(...), alignText='center', alignVert=method-wrapper(...), anchorHoriz='center', anchorVert='center', antialias=True, autoDraw=False, autoLog=True, bold=False, color=array([1, 1, 1]), colorSpace='rgb', contrast=1.0, depth=-3.0, flipHoriz=False, flipVert=False, font='Arial', fontFiles=[], height=0.05, italic=False, languageStyle='LTR', name='instrRepeat', opacity=1.0, ori=0, pos=array([0. , 0.4]), rgb=UNKNOWN, text='', units='height', win=Window(...), wrapWidth=1)
13.3400 	INFO 	keyboard.Keyboard is using iohub backend.
13.3402 	EXP 	window1: mouseVisible = True
13.3418 	EXP 	Created fixCursor = Rect(__class__=<class 'psychopy.visual.rect.Rect'>, anchor=('center', 'center'), autoDraw=False, autoLog=True, closeShape=True, color=method-wrapper(...), colorSpace='rgb', contrast=None, depth=-3.0, fillColor=array([1, 1, 1]), fillColorSpace='rgb', fillRGB=array([1, 1, 1]), interpolate=True, lineColor=array([1, 1, 1]), lineColorSpace='rgb', lineRGB=array([1, 1, 1]), lineWidth=1, name='fixCursor', opacity=1.0, ori=0.0, pos=array([0., 0.]), size=array([1., 1.]), units='height', vertices=ndarray(...), win=Window(...))
13.3462 	EXP 	Created fixCircle = Polygon(__class__=<class 'psychopy.visual.polygon.Polygon'>, anchor=('center', 'center'), autoDraw=False, autoLog=True, closeShape=True, color=method-wrapper(...), colorSpace='rgb', contrast=None, depth=-4.0, fillColor=array([-1.   ,  0.004,  1.   ]), fillColorSpace='rgb', fillRGB=array([-1.   ,  0.004,  1.   ]), interpolate=True, lineColor=array([-1.   ,  0.004,  1.   ]), lineColorSpace='rgb', lineRGB=array([-1.   ,  0.004,  1.   ]), lineWidth=1, name='fixCircle', opacity=1.0, ori=0.0, pos=array([0., 0.]), size=array([0.025, 0.025]), units='height', vertices=ndarray(...), win=Window(...))
13.3470 	EXP 	Created feedbackText = TextStim(__class__=<class 'psychopy.visual.text.TextStim'>, alignHoriz=method-wrapper(...), alignText='center', alignVert=method-wrapper(...), anchorHoriz='center', anchorVert='center', antialias=True, autoDraw=False, autoLog=True, bold=False, color=array([1, 1, 1]), colorSpace='rgb', contrast=1.0, depth=-5.0, flipHoriz=False, flipVert=False, font='Arial', fontFiles=[], height=0.05, italic=False, languageStyle='LTR', name='feedbackText', opacity=1.0, ori=0, pos=array([0. , 0.2]), rgb=UNKNOWN, text='', units='height', win=Window(...), wrapWidth=1)
13.3479 	EXP 	Created fixText = TextStim(__class__=<class 'psychopy.visual.text.TextStim'>, alignHoriz=method-wrapper(...), alignText='center', alignVert=method-wrapper(...), anchorHoriz='center', anchorVert='center', antialias=True, autoDraw=False, autoLog=True, bold=False, color=array([1, 1, 1]), colorSpace='rgb', contrast=1.0, depth=-6.0, flipHoriz=False, flipVert=False, font='Arial', fontFiles=[], height=0.05, italic=False, languageStyle='LTR', name='fixText', opacity=1.0, ori=0, pos=array([0., 0.]), rgb=UNKNOWN, text='', units='height', win=Window(...), wrapWidth=1)
13.3496 	EXP 	Created fixArrow = TextStim(__class__=<class 'psychopy.visual.text.TextStim'>, alignHoriz=method-wrapper(...), alignText='center', alignVert=method-wrapper(...), anchorHoriz='center', anchorVert='center', antialias=True, autoDraw=False, autoLog=True, bold=False, color=array([1, 1, 1]), colorSpace='rgb', contrast=1.0, depth=-7.0, flipHoriz=False, flipVert=False, font='Arial', fontFiles=[], height=0.15, italic=False, languageStyle='LTR', name='fixArrow', opacity=1.0, ori=0, pos=array([ 0. , -0.2]), rgb=UNKNOWN, text='', units='height', win=Window(...), wrapWidth=1)
13.3507 	EXP 	Created fixPoints = TextStim(__class__=<class 'psychopy.visual.text.TextStim'>, alignHoriz=method-wrapper(...), alignText='center', alignVert=method-wrapper(...), anchorHoriz='center', anchorVert='center', antialias=True, autoDraw=False, autoLog=True, bold=False, color=array([1, 1, 1]), colorSpace='rgb', contrast=1.0, depth=-8.0, flipHoriz=False, flipVert=False, font='Arial', fontFiles=[], height=0.05, italic=False, languageStyle='LTR', name='fixPoints', opacity=1.0, ori=0, pos=array([-0.4, -0.4]), rgb=UNKNOWN, text='', units='height', win=Window(...), wrapWidth=1)
13.3516 	EXP 	Created fixHits = TextStim(__class__=<class 'psychopy.visual.text.TextStim'>, alignHoriz=method-wrapper(...), alignText='center', alignVert=method-wrapper(...), anchorHoriz='center', anchorVert='center', antialias=True, autoDraw=False, autoLog=True, bold=False, color=array([1, 1, 1]), colorSpace='rgb', contrast=1.0, depth=-9.0, flipHoriz=False, flipVert=False, font='Arial', fontFiles=[], height=0.05, italic=False, languageStyle='LTR', name='fixHits', opacity=1.0, ori=0, pos=array([ 0.4, -0.4]), rgb=UNKNOWN, text='', units='height', win=Window(...), wrapWidth=1)
13.3524 	EXP 	Created fixRepeat = TextStim(__class__=<class 'psychopy.visual.text.TextStim'>, alignHoriz=method-wrapper(...), alignText='center', alignVert=method-wrapper(...), anchorHoriz='center', anchorVert='center', antialias=True, autoDraw=False, autoLog=True, bold=False, color=array([1, 1, 1]), colorSpace='rgb', contrast=1.0, depth=-10.0, flipHoriz=False, flipVert=False, font='Arial', fontFiles=[], height=0.05, italic=False, languageStyle='LTR', name='fixRepeat', opacity=1.0, ori=0, pos=array([0. , 0.4]), rgb=UNKNOWN, text='', units='height', win=Window(...), wrapWidth=1)
13.3525 	EXP 	window1: mouseVisible = True
13.3533 	EXP 	Created trialWall = Rect(__class__=<class 'psychopy.visual.rect.Rect'>, anchor=('center', 'center'), autoDraw=False, autoLog=True, closeShape=True, color=method-wrapper(...), colorSpace='rgb', contrast=None, depth=-3.0, fillColor=array([1, 1, 1]), fillColorSpace='rgb', fillRGB=array([1, 1, 1]), interpolate=True, lineColor=array([1, 1, 1]), lineColorSpace='rgb', lineRGB=array([1, 1, 1]), lineWidth=1, name='trialWall', opacity=1.0, ori=0.0, pos=array([0. , 0.3]), size=array([1., 1.]), units='height', vertices=ndarray(...), win=Window(...))
13.3540 	EXP 	Created trialCursor = Rect(__class__=<class 'psychopy.visual.rect.Rect'>, anchor=('center', 'center'), autoDraw=False, autoLog=True, closeShape=True, color=method-wrapper(...), colorSpace='rgb', contrast=None, depth=-4.0, fillColor=array([-1, -1, -1]), fillColorSpace='rgb', fillRGB=array([-1, -1, -1]), interpolate=True, lineColor=array([-1, -1, -1]), lineColorSpace='rgb', lineRGB=array([-1, -1, -1]), lineWidth=1, name='trialCursor', opacity=1.0, ori=0.0, pos=array([0., 0.]), size=array([1., 1.]), units='height', vertices=ndarray(...), win=Window(...))
13.3579 	EXP 	Created trialCircle = Polygon(__class__=<class 'psychopy.visual.polygon.Polygon'>, anchor=('center', 'center'), autoDraw=False, autoLog=True, closeShape=True, color=method-wrapper(...), colorSpace='rgb', contrast=None, depth=-5.0, fillColor=array([-1, -1, -1]), fillColorSpace='rgb', fillRGB=array([-1, -1, -1]), interpolate=True, lineColor=array([-1, -1, -1]), lineColorSpace='rgb', lineRGB=array([-1, -1, -1]), lineWidth=1, name='trialCircle', opacity=1.0, ori=0.0, pos=array([0., 0.]), size=array([0.025, 0.025]), units='height', vertices=ndarray(...), win=Window(...))
13.3587 	EXP 	Created trialHits = TextStim(__class__=<class 'psychopy.visual.text.TextStim'>, alignHoriz=method-wrapper(...), alignText='center', alignVert=method-wrapper(...), anchorHoriz='center', anchorVert='center', antialias=True, autoDraw=False, autoLog=True, bold=False, color=array([1, 1, 1]), colorSpace='rgb', contrast=1.0, depth=-6.0, flipHoriz=False, flipVert=False, font='Arial', fontFiles=[], height=0.05, italic=False, languageStyle='LTR', name='trialHits', opacity=1.0, ori=0, pos=array([ 0.4, -0.4]), rgb=UNKNOWN, text='', units='height', win=Window(...), wrapWidth=1)
13.3596 	EXP 	Created trialPoints = TextStim(__class__=<class 'psychopy.visual.text.TextStim'>, alignHoriz=method-wrapper(...), alignText='center', alignVert=method-wrapper(...), anchorHoriz='center', anchorVert='center', antialias=True, autoDraw=False, autoLog=True, bold=False, color=array([1, 1, 1]), colorSpace='rgb', contrast=1.0, depth=-7.0, flipHoriz=False, flipVert=False, font='Arial', fontFiles=[], height=0.05, italic=False, languageStyle='LTR', name='trialPoints', opacity=1.0, ori=0, pos=array([-0.4, -0.4]), rgb=UNKNOWN, text='', units='height', win=Window(...), wrapWidth=1)
13.3604 	EXP 	Created trialRepeat = TextStim(__class__=<class 'psychopy.visual.text.TextStim'>, alignHoriz=method-wrapper(...), alignText='center', alignVert=method-wrapper(...), anchorHoriz='center', anchorVert='center', antialias=True, autoDraw=False, autoLog=True, bold=False, color=array([1, 1, 1]), colorSpace='rgb', contrast=1.0, depth=-8.0, flipHoriz=False, flipVert=False, font='Arial', fontFiles=[], height=0.05, italic=False, languageStyle='LTR', name='trialRepeat', opacity=1.0, ori=0, pos=array([0. , 0.4]), rgb=UNKNOWN, text='', units='height', win=Window(...), wrapWidth=1)
13.3913 	EXP 	Sound sound_1 set volume 1.000
13.4311 	EXP 	Created endText = TextStim(__class__=<class 'psychopy.visual.text.TextStim'>, alignHoriz=method-wrapper(...), alignText='center', alignVert=method-wrapper(...), anchorHoriz='center', anchorVert='center', antialias=True, autoDraw=False, autoLog=True, bold=False, color=array([1, 1, 1]), colorSpace='rgb', contrast=1.0, depth=-1.0, flipHoriz=False, flipVert=False, font='Arial', fontFiles=[], height=0.05, italic=False, languageStyle='LTR', name='endText', opacity=1.0, ori=0, pos=array([0., 0.]), rgb=UNKNOWN, text=str(...), units='height', win=Window(...), wrapWidth=1)
13.4321 	EXP 	Created endHits = TextStim(__class__=<class 'psychopy.visual.text.TextStim'>, alignHoriz=method-wrapper(...), alignText='center', alignVert=method-wrapper(...), anchorHoriz='center', anchorVert='center', antialias=True, autoDraw=False, autoLog=True, bold=False, color=array([1, 1, 1]), colorSpace='rgb', contrast=1.0, depth=-2.0, flipHoriz=False, flipVert=False, font='Arial', fontFiles=[], height=0.05, italic=False, languageStyle='LTR', name='endHits', opacity=1.0, ori=0, pos=array([ 0. , -0.4]), rgb=UNKNOWN, text='', units='height', win=Window(...), wrapWidth=1)
13.4329 	EXP 	Created endPoints = TextStim(__class__=<class 'psychopy.visual.text.TextStim'>, alignHoriz=method-wrapper(...), alignText='center', alignVert=method-wrapper(...), anchorHoriz='center', anchorVert='center', antialias=True, autoDraw=False, autoLog=True, bold=False, color=array([1, 1, 1]), colorSpace='rgb', contrast=1.0, depth=-3.0, flipHoriz=False, flipVert=False, font='Arial', fontFiles=[], height=0.05, italic=False, languageStyle='LTR', name='endPoints', opacity=1.0, ori=0, pos=array([0. , 0.4]), rgb=UNKNOWN, text='', units='height', win=Window(...), wrapWidth=1)
13.4329 	INFO 	keyboard.Keyboard is using iohub backend.
13.4335 	EXP 	Created sequence: sequential, trialTypes=1, nReps=8, seed=None
13.4336 	EXP 	New trial (rep=0, index=0): None
13.5464 	EXP 	instrRepeat: height = 0.05
13.5464 	EXP 	instrRepeat: height = 0.05
13.5464 	EXP 	instrRepeat: height = 0.05
13.5464 	EXP 	instrRepeat: text = 'Block 1 / 8'
13.5464 	EXP 	instrText: height = 0.05
13.5464 	EXP 	instrText: height = 0.05
13.5464 	EXP 	instrText: height = 0.05
13.5464 	EXP 	instrText: text = "Catch the ball for 8 blocks of 50 trials. Try your best to use the center of the paddle as it will allow you to get the most points.\nYou can take a short break now and press 'space' when ready to continue."
13.5464 	EXP 	instrStats: text = ''
13.5464 	EXP 	instrText: autoDraw = True
13.5464 	EXP 	instrStats: autoDraw = True
13.5464 	EXP 	instrRepeat: autoDraw = True
14.5377 	DEBUG 	Read csv file with pandas: loopTemplate1.csv
14.5385 	DEBUG 	Clearing unnamed columns from loopTemplate1.csv
14.5387 	EXP 	Imported loopTemplate1.csv as conditions, 2 conditions, 1 params
14.5396 	EXP 	Created sequence: random, trialTypes=2, nReps=50, seed=None
14.5399 	EXP 	New trial (rep=0, index=0): OrderedDict([('Sound', 0.5)])
14.5597 	DATA 	Keypress: space
14.5668 	EXP 	instrText: autoDraw = False
14.5668 	EXP 	instrStats: autoDraw = False
14.5668 	EXP 	instrRepeat: autoDraw = False
14.5668 	EXP 	feedbackText: height = 0.05
14.5668 	EXP 	feedbackText: height = 0.05
14.5668 	EXP 	feedbackText: height = 0.05
14.5668 	EXP 	feedbackText: text = 'Get ready!'
14.5668 	EXP 	fixText: height = 0.05
14.5668 	EXP 	fixText: height = 0.05
14.5668 	EXP 	fixText: height = 0.05
14.5668 	EXP 	fixText: text = 'Move right for 1 second to start.'
14.5668 	EXP 	fixArrow: height = 0.15
14.5668 	EXP 	fixArrow: height = 0.15
14.5668 	EXP 	fixArrow: height = 0.15
14.5668 	EXP 	fixArrow: text = '=>'
14.5668 	EXP 	fixPoints: height = 0.05
14.5668 	EXP 	fixPoints: height = 0.05
14.5668 	EXP 	fixPoints: height = 0.05
14.5668 	EXP 	fixPoints: text = 'Points: 0'
14.5668 	EXP 	fixHits: height = 0.05
14.5668 	EXP 	fixHits: height = 0.05
14.5668 	EXP 	fixHits: height = 0.05
14.5668 	EXP 	fixHits: text = 'Hits: 0 / 0'
14.5668 	EXP 	fixRepeat: height = 0.05
14.5668 	EXP 	fixRepeat: height = 0.05
14.5668 	EXP 	fixRepeat: height = 0.05
14.5668 	EXP 	fixRepeat: text = 'Block 1 / 8'
14.5668 	EXP 	fixCursor: fillColor = <psychopy.colors.Color: black, alpha=1.0>
14.5668 	EXP 	fixCursor: borderColor = <psychopy.colors.Color: black, alpha=1.0>
14.5668 	EXP 	fixCursor: autoDraw = True
14.5668 	EXP 	fixCircle: autoDraw = True
14.5668 	EXP 	feedbackText: autoDraw = True
14.5668 	EXP 	fixText: autoDraw = True
14.5668 	EXP 	fixArrow: autoDraw = True
14.5668 	EXP 	fixPoints: autoDraw = True
14.5668 	EXP 	fixHits: autoDraw = True
14.5668 	EXP 	fixRepeat: autoDraw = True
15.8016 	DATA 	Mouse: Left button down, pos=(934,255)
17.7689 	DATA 	Mouse:  Left button up, pos=(1919,253)
17.9018 	EXP 	fixCursor: autoDraw = False
17.9018 	EXP 	fixCircle: autoDraw = False
17.9018 	EXP 	feedbackText: autoDraw = False
17.9018 	EXP 	fixText: autoDraw = False
17.9018 	EXP 	fixArrow: autoDraw = False
17.9018 	EXP 	fixPoints: autoDraw = False
17.9018 	EXP 	fixHits: autoDraw = False
17.9018 	EXP 	fixRepeat: autoDraw = False
17.9018 	EXP 	trialPoints: height = 0.05
17.9018 	EXP 	trialPoints: height = 0.05
17.9018 	EXP 	trialPoints: height = 0.05
17.9018 	EXP 	trialPoints: text = 'Points: 0'
17.9018 	EXP 	trialHits: height = 0.05
17.9018 	EXP 	trialHits: height = 0.05
17.9018 	EXP 	trialHits: height = 0.05
17.9018 	EXP 	trialHits: text = 'Hits: 0 / 0'
17.9018 	EXP 	trialRepeat: height = 0.05
17.9018 	EXP 	trialRepeat: height = 0.05
17.9018 	EXP 	trialRepeat: height = 0.05
17.9018 	EXP 	trialRepeat: text = 'Block 1 / 8'
17.9018 	EXP 	trialWall: autoDraw = True
17.9018 	EXP 	trialCursor: autoDraw = True
17.9018 	EXP 	trialCircle: autoDraw = True
17.9018 	EXP 	trialHits: autoDraw = True
17.9018 	EXP 	trialPoints: autoDraw = True
17.9018 	EXP 	trialRepeat: autoDraw = True
19.2208 	EXP 	New trial (rep=0, index=1): OrderedDict([('Sound', 0.0)])
19.2367 	EXP 	trialWall: autoDraw = False
19.2367 	EXP 	trialCursor: autoDraw = False
19.2367 	EXP 	trialCircle: autoDraw = False
19.2367 	EXP 	trialHits: autoDraw = False
19.2367 	EXP 	trialPoints: autoDraw = False
19.2367 	EXP 	trialRepeat: autoDraw = False
19.2367 	EXP 	feedbackText: height = 0.05
19.2367 	EXP 	feedbackText: height = 0.05
19.2367 	EXP 	feedbackText: height = 0.05
19.2367 	EXP 	feedbackText: text = 'miss'
19.2367 	EXP 	fixText: height = 0.05
19.2367 	EXP 	fixText: height = 0.05
19.2367 	EXP 	fixText: height = 0.05
19.2367 	EXP 	fixText: text = 'Move left for 1 second to start.'
19.2367 	EXP 	fixArrow: height = 0.15
19.2367 	EXP 	fixArrow: height = 0.15
19.2367 	EXP 	fixArrow: height = 0.15
19.2367 	EXP 	fixArrow: text = '<='
19.2367 	EXP 	fixPoints: text = 'Points: 0'
19.2367 	EXP 	fixHits: height = 0.05
19.2367 	EXP 	fixHits: height = 0.05
19.2367 	EXP 	fixHits: height = 0.05
19.2367 	EXP 	fixHits: text = 'Hits: 0 / 1'
19.2367 	EXP 	fixRepeat: text = 'Block 1 / 8'
19.2367 	EXP 	fixCursor: fillColor = <psychopy.colors.Color: red, alpha=1.0>
19.2367 	EXP 	fixCursor: borderColor = <psychopy.colors.Color: red, alpha=1.0>
19.2367 	EXP 	fixCursor: autoDraw = True
19.2367 	EXP 	fixCircle: autoDraw = True
19.2367 	EXP 	feedbackText: autoDraw = True
19.2367 	EXP 	fixText: autoDraw = True
19.2367 	EXP 	fixArrow: autoDraw = True
19.2367 	EXP 	fixPoints: autoDraw = True
19.2367 	EXP 	fixHits: autoDraw = True
19.2367 	EXP 	fixRepeat: autoDraw = True
19.7188 	DATA 	Keypress: escape
20.4502 	EXP 	window1: mouseVisible = True
20.4503 	DEBUG 	Saving data for bounceV3 ExperimentHandler
